<?xml version="1.0" encoding="UTF-8"?>
<testsuite name="boj.p2k.p2200.P2231Test" tests="1" skipped="0" failures="0" errors="0" timestamp="2022-07-16T13:42:51" hostname="DESKTOP-GTKC6HS" time="0.022">
  <properties/>
  <testcase name="main()" classname="boj.p2k.p2200.P2231Test" time="0.022"/>
  <system-out><![CDATA[]]></system-out>
  <system-err><![CDATA[]]></system-err>
</testsuite>
