<?xml version="1.0" encoding="UTF-8"?>
<testsuite name="boj.p2k.p2200.P2231Test" tests="1" skipped="0" failures="0" errors="0" timestamp="2022-07-16T14:38:43" hostname="DESKTOP-GTKC6HS" time="0.124">
  <properties/>
  <testcase name="[1] 216, 198" classname="boj.p2k.p2200.P2231Test" time="0.124"/>
  <system-out><![CDATA[]]></system-out>
  <system-err><![CDATA[]]></system-err>
</testsuite>
